This is pdfTeX, Version 3.14159265-2.6-1.40.21 (TeX Live 2020/W32TeX) (preloaded format=pdflatex 2020.10.30)  5 NOV 2020 09:09
entering extended mode
 restricted \write18 enabled.
 %&-line parsing enabled.
**Es4.tex
(./Es4.tex
LaTeX2e <2020-10-01> patch level 2
L3 programming layer <2020-10-27> xparse <2020-03-03>
(c:/Users/Angela Andreella/AppData/Roaming/TinyTeX/texmf-dist/tex/latex/base/ar
ticle.cls
Document Class: article 2020/04/10 v1.4m Standard LaTeX document class

(c:/Users/Angela Andreella/AppData/Roaming/TinyTeX/texmf-dist/tex/latex/base/si
ze10.clo
File: size10.clo 2020/04/10 v1.4m Standard LaTeX file (size option)
)
\c@part=\count175
\c@section=\count176
\c@subsection=\count177
\c@subsubsection=\count178
\c@paragraph=\count179
\c@subparagraph=\count180
\c@figure=\count181
\c@table=\count182
\abovecaptionskip=\skip47
\belowcaptionskip=\skip48
\bibindent=\dimen138
)
(c:/Users/Angela Andreella/AppData/Roaming/TinyTeX/texmf-dist/tex/latex/lm/lmod
ern.sty
Package: lmodern 2009/10/30 v1.6 Latin Modern Fonts
LaTeX Font Info:    Overwriting symbol font `operators' in version `normal'
(Font)                  OT1/cmr/m/n --> OT1/lmr/m/n on input line 22.
LaTeX Font Info:    Overwriting symbol font `letters' in version `normal'
(Font)                  OML/cmm/m/it --> OML/lmm/m/it on input line 23.
LaTeX Font Info:    Overwriting symbol font `symbols' in version `normal'
(Font)                  OMS/cmsy/m/n --> OMS/lmsy/m/n on input line 24.
LaTeX Font Info:    Overwriting symbol font `largesymbols' in version `normal'
(Font)                  OMX/cmex/m/n --> OMX/lmex/m/n on input line 25.
LaTeX Font Info:    Overwriting symbol font `operators' in version `bold'
(Font)                  OT1/cmr/bx/n --> OT1/lmr/bx/n on input line 26.
LaTeX Font Info:    Overwriting symbol font `letters' in version `bold'
(Font)                  OML/cmm/b/it --> OML/lmm/b/it on input line 27.
LaTeX Font Info:    Overwriting symbol font `symbols' in version `bold'
(Font)                  OMS/cmsy/b/n --> OMS/lmsy/b/n on input line 28.
LaTeX Font Info:    Overwriting symbol font `largesymbols' in version `bold'
(Font)                  OMX/cmex/m/n --> OMX/lmex/m/n on input line 29.
LaTeX Font Info:    Overwriting math alphabet `\mathbf' in version `normal'
(Font)                  OT1/cmr/bx/n --> OT1/lmr/bx/n on input line 31.
LaTeX Font Info:    Overwriting math alphabet `\mathsf' in version `normal'
(Font)                  OT1/cmss/m/n --> OT1/lmss/m/n on input line 32.
LaTeX Font Info:    Overwriting math alphabet `\mathit' in version `normal'
(Font)                  OT1/cmr/m/it --> OT1/lmr/m/it on input line 33.
LaTeX Font Info:    Overwriting math alphabet `\mathtt' in version `normal'
(Font)                  OT1/cmtt/m/n --> OT1/lmtt/m/n on input line 34.
LaTeX Font Info:    Overwriting math alphabet `\mathbf' in version `bold'
(Font)                  OT1/cmr/bx/n --> OT1/lmr/bx/n on input line 35.
LaTeX Font Info:    Overwriting math alphabet `\mathsf' in version `bold'
(Font)                  OT1/cmss/bx/n --> OT1/lmss/bx/n on input line 36.
LaTeX Font Info:    Overwriting math alphabet `\mathit' in version `bold'
(Font)                  OT1/cmr/bx/it --> OT1/lmr/bx/it on input line 37.
LaTeX Font Info:    Overwriting math alphabet `\mathtt' in version `bold'
(Font)                  OT1/cmtt/m/n --> OT1/lmtt/m/n on input line 38.
)
(c:/Users/Angela Andreella/AppData/Roaming/TinyTeX/texmf-dist/tex/latex/amsfont
s/amssymb.sty
Package: amssymb 2013/01/14 v3.01 AMS font symbols

(c:/Users/Angela Andreella/AppData/Roaming/TinyTeX/texmf-dist/tex/latex/amsfont
s/amsfonts.sty
Package: amsfonts 2013/01/14 v3.01 Basic AMSFonts support
\@emptytoks=\toks15
\symAMSa=\mathgroup4
\symAMSb=\mathgroup5
LaTeX Font Info:    Redeclaring math symbol \hbar on input line 98.
LaTeX Font Info:    Overwriting math alphabet `\mathfrak' in version `bold'
(Font)                  U/euf/m/n --> U/euf/b/n on input line 106.
))
(c:/Users/Angela Andreella/AppData/Roaming/TinyTeX/texmf-dist/tex/latex/amsmath
/amsmath.sty
Package: amsmath 2020/09/23 v2.17i AMS math features
\@mathmargin=\skip49
For additional information on amsmath, use the `?' option.

(c:/Users/Angela Andreella/AppData/Roaming/TinyTeX/texmf-dist/tex/latex/amsmath
/amstext.sty
Package: amstext 2000/06/29 v2.01 AMS text

(c:/Users/Angela Andreella/AppData/Roaming/TinyTeX/texmf-dist/tex/latex/amsmath
/amsgen.sty
File: amsgen.sty 1999/11/30 v2.0 generic functions
\@emptytoks=\toks16
\ex@=\dimen139
))
(c:/Users/Angela Andreella/AppData/Roaming/TinyTeX/texmf-dist/tex/latex/amsmath
/amsbsy.sty
Package: amsbsy 1999/11/29 v1.2d Bold Symbols
\pmbraise@=\dimen140
)
(c:/Users/Angela Andreella/AppData/Roaming/TinyTeX/texmf-dist/tex/latex/amsmath
/amsopn.sty
Package: amsopn 2016/03/08 v2.02 operator names
)
\inf@bad=\count183
LaTeX Info: Redefining \frac on input line 234.
\uproot@=\count184
\leftroot@=\count185
LaTeX Info: Redefining \overline on input line 399.
\classnum@=\count186
\DOTSCASE@=\count187
LaTeX Info: Redefining \ldots on input line 496.
LaTeX Info: Redefining \dots on input line 499.
LaTeX Info: Redefining \cdots on input line 620.
\Mathstrutbox@=\box47
\strutbox@=\box48
\big@size=\dimen141
LaTeX Font Info:    Redeclaring font encoding OML on input line 743.
LaTeX Font Info:    Redeclaring font encoding OMS on input line 744.
\macc@depth=\count188
\c@MaxMatrixCols=\count189
\dotsspace@=\muskip16
\c@parentequation=\count190
\dspbrk@lvl=\count191
\tag@help=\toks17
\row@=\count192
\column@=\count193
\maxfields@=\count194
\andhelp@=\toks18
\eqnshift@=\dimen142
\alignsep@=\dimen143
\tagshift@=\dimen144
\tagwidth@=\dimen145
\totwidth@=\dimen146
\lineht@=\dimen147
\@envbody=\toks19
\multlinegap=\skip50
\multlinetaggap=\skip51
\mathdisplay@stack=\toks20
LaTeX Info: Redefining \[ on input line 2923.
LaTeX Info: Redefining \] on input line 2924.
)
(c:/Users/Angela Andreella/AppData/Roaming/TinyTeX/texmf-dist/tex/generic/iftex
/ifxetex.sty
Package: ifxetex 2019/10/25 v0.7 ifxetex legacy package. Use iftex instead.

(c:/Users/Angela Andreella/AppData/Roaming/TinyTeX/texmf-dist/tex/generic/iftex
/iftex.sty
Package: iftex 2020/03/06 v1.0d TeX engine tests
))
(c:/Users/Angela Andreella/AppData/Roaming/TinyTeX/texmf-dist/tex/generic/iftex
/ifluatex.sty
Package: ifluatex 2019/10/25 v1.5 ifluatex legacy package. Use iftex instead.
)
(c:/Users/Angela Andreella/AppData/Roaming/TinyTeX/texmf-dist/tex/latex/base/fo
ntenc.sty
Package: fontenc 2020/08/10 v2.0s Standard LaTeX package
LaTeX Font Info:    Trying to load font information for T1+lmr on input line 11
2.

(c:/Users/Angela Andreella/AppData/Roaming/TinyTeX/texmf-dist/tex/latex/lm/t1lm
r.fd
File: t1lmr.fd 2009/10/30 v1.6 Font defs for Latin Modern
))
(c:/Users/Angela Andreella/AppData/Roaming/TinyTeX/texmf-dist/tex/latex/base/in
putenc.sty
Package: inputenc 2020/08/01 v1.3d Input encoding file
\inpenc@prehook=\toks21
\inpenc@posthook=\toks22
)
(c:/Users/Angela Andreella/AppData/Roaming/TinyTeX/texmf-dist/tex/latex/base/te
xtcomp.sty
Package: textcomp 2020/02/02 v2.0n Standard LaTeX package
)
(c:/Users/Angela Andreella/AppData/Roaming/TinyTeX/texmf-dist/tex/latex/xcolor/
xcolor.sty
Package: xcolor 2016/05/11 v2.12 LaTeX color extensions (UK)

(c:/Users/Angela Andreella/AppData/Roaming/TinyTeX/texmf-dist/tex/latex/graphic
s-cfg/color.cfg
File: color.cfg 2016/01/02 v1.6 sample color configuration
)
Package xcolor Info: Driver file: pdftex.def on input line 225.

(c:/Users/Angela Andreella/AppData/Roaming/TinyTeX/texmf-dist/tex/latex/graphic
s-def/pdftex.def
File: pdftex.def 2020/10/05 v1.2a Graphics/color driver for pdftex
)
Package xcolor Info: Model `cmy' substituted by `cmy0' on input line 1348.
Package xcolor Info: Model `hsb' substituted by `rgb' on input line 1352.
Package xcolor Info: Model `RGB' extended on input line 1364.
Package xcolor Info: Model `HTML' substituted by `rgb' on input line 1366.
Package xcolor Info: Model `Hsb' substituted by `hsb' on input line 1367.
Package xcolor Info: Model `tHsb' substituted by `hsb' on input line 1368.
Package xcolor Info: Model `HSB' substituted by `hsb' on input line 1369.
Package xcolor Info: Model `Gray' substituted by `gray' on input line 1370.
Package xcolor Info: Model `wave' substituted by `hsb' on input line 1371.
)
(c:/Users/Angela Andreella/AppData/Roaming/TinyTeX/texmf-dist/tex/latex/hyperre
f/hyperref.sty
Package: hyperref 2020-05-15 v7.00e Hypertext links for LaTeX

(c:/Users/Angela Andreella/AppData/Roaming/TinyTeX/texmf-dist/tex/generic/ltxcm
ds/ltxcmds.sty
Package: ltxcmds 2020-05-10 v1.25 LaTeX kernel commands for general use (HO)
)
(c:/Users/Angela Andreella/AppData/Roaming/TinyTeX/texmf-dist/tex/generic/pdfte
xcmds/pdftexcmds.sty
Package: pdftexcmds 2020-06-27 v0.33 Utility functions of pdfTeX for LuaTeX (HO
)

(c:/Users/Angela Andreella/AppData/Roaming/TinyTeX/texmf-dist/tex/generic/infwa
rerr/infwarerr.sty
Package: infwarerr 2019/12/03 v1.5 Providing info/warning/error messages (HO)
)
Package pdftexcmds Info: \pdf@primitive is available.
Package pdftexcmds Info: \pdf@ifprimitive is available.
Package pdftexcmds Info: \pdfdraftmode found.
)
(c:/Users/Angela Andreella/AppData/Roaming/TinyTeX/texmf-dist/tex/latex/graphic
s/keyval.sty
Package: keyval 2014/10/28 v1.15 key=value parser (DPC)
\KV@toks@=\toks23
)
(c:/Users/Angela Andreella/AppData/Roaming/TinyTeX/texmf-dist/tex/generic/kvset
keys/kvsetkeys.sty
Package: kvsetkeys 2019/12/15 v1.18 Key value parser (HO)
)
(c:/Users/Angela Andreella/AppData/Roaming/TinyTeX/texmf-dist/tex/generic/kvdef
inekeys/kvdefinekeys.sty
Package: kvdefinekeys 2019-12-19 v1.6 Define keys (HO)
)
(c:/Users/Angela Andreella/AppData/Roaming/TinyTeX/texmf-dist/tex/generic/pdfes
cape/pdfescape.sty
Package: pdfescape 2019/12/09 v1.15 Implements pdfTeX's escape features (HO)
)
(c:/Users/Angela Andreella/AppData/Roaming/TinyTeX/texmf-dist/tex/latex/hycolor
/hycolor.sty
Package: hycolor 2020-01-27 v1.10 Color options for hyperref/bookmark (HO)
)
(c:/Users/Angela Andreella/AppData/Roaming/TinyTeX/texmf-dist/tex/latex/letltxm
acro/letltxmacro.sty
Package: letltxmacro 2019/12/03 v1.6 Let assignment for LaTeX macros (HO)
)
(c:/Users/Angela Andreella/AppData/Roaming/TinyTeX/texmf-dist/tex/latex/auxhook
/auxhook.sty
Package: auxhook 2019-12-17 v1.6 Hooks for auxiliary files (HO)
)
(c:/Users/Angela Andreella/AppData/Roaming/TinyTeX/texmf-dist/tex/latex/kvoptio
ns/kvoptions.sty
Package: kvoptions 2020-10-07 v3.14 Key value format for package options (HO)
)
\@linkdim=\dimen148
\Hy@linkcounter=\count195
\Hy@pagecounter=\count196

(c:/Users/Angela Andreella/AppData/Roaming/TinyTeX/texmf-dist/tex/latex/hyperre
f/pd1enc.def
File: pd1enc.def 2020-05-15 v7.00e Hyperref: PDFDocEncoding definition (HO)
Now handling font encoding PD1 ...
... no UTF-8 mapping file for font encoding PD1
)
(c:/Users/Angela Andreella/AppData/Roaming/TinyTeX/texmf-dist/tex/generic/intca
lc/intcalc.sty
Package: intcalc 2019/12/15 v1.3 Expandable calculations with integers (HO)
)
(c:/Users/Angela Andreella/AppData/Roaming/TinyTeX/texmf-dist/tex/generic/etexc
mds/etexcmds.sty
Package: etexcmds 2019/12/15 v1.7 Avoid name clashes with e-TeX commands (HO)
)
\Hy@SavedSpaceFactor=\count197
Package hyperref Info: Option `unicode' set `true' on input line 4338.

(c:/Users/Angela Andreella/AppData/Roaming/TinyTeX/texmf-dist/tex/latex/hyperre
f/puenc.def
File: puenc.def 2020-05-15 v7.00e Hyperref: PDF Unicode definition (HO)
Now handling font encoding PU ...
... no UTF-8 mapping file for font encoding PU
)
Package hyperref Info: Hyper figures OFF on input line 4464.
Package hyperref Info: Link nesting OFF on input line 4469.
Package hyperref Info: Hyper index ON on input line 4472.
Package hyperref Info: Plain pages OFF on input line 4479.
Package hyperref Info: Backreferencing OFF on input line 4484.
Package hyperref Info: Implicit mode ON; LaTeX internals redefined.
Package hyperref Info: Bookmarks ON on input line 4717.
\c@Hy@tempcnt=\count198

(c:/Users/Angela Andreella/AppData/Roaming/TinyTeX/texmf-dist/tex/latex/url/url
.sty
\Urlmuskip=\muskip17
Package: url 2013/09/16  ver 3.4  Verb mode for urls, etc.
)
LaTeX Info: Redefining \url on input line 5076.
\XeTeXLinkMargin=\dimen149

(c:/Users/Angela Andreella/AppData/Roaming/TinyTeX/texmf-dist/tex/generic/bitse
t/bitset.sty
Package: bitset 2019/12/09 v1.3 Handle bit-vector datatype (HO)

(c:/Users/Angela Andreella/AppData/Roaming/TinyTeX/texmf-dist/tex/generic/bigin
tcalc/bigintcalc.sty
Package: bigintcalc 2019/12/15 v1.5 Expandable calculations on big integers (HO
)
))
\Fld@menulength=\count199
\Field@Width=\dimen150
\Fld@charsize=\dimen151
Package hyperref Info: Hyper figures OFF on input line 6347.
Package hyperref Info: Link nesting OFF on input line 6352.
Package hyperref Info: Hyper index ON on input line 6355.
Package hyperref Info: backreferencing OFF on input line 6362.
Package hyperref Info: Link coloring OFF on input line 6367.
Package hyperref Info: Link coloring with OCG OFF on input line 6372.
Package hyperref Info: PDF/A mode OFF on input line 6377.
LaTeX Info: Redefining \ref on input line 6417.
LaTeX Info: Redefining \pageref on input line 6421.

(c:/Users/Angela Andreella/AppData/Roaming/TinyTeX/texmf-dist/tex/latex/base/at
begshi-ltx.sty
Package: atbegshi-ltx 2020/08/17 v1.0a Emulation of the original atbegshi packa
ge
with kernel methods
)
\Hy@abspage=\count266
\c@Item=\count267
\c@Hfootnote=\count268
)
Package hyperref Info: Driver (autodetected): hpdftex.

(c:/Users/Angela Andreella/AppData/Roaming/TinyTeX/texmf-dist/tex/latex/hyperre
f/hpdftex.def
File: hpdftex.def 2020-05-15 v7.00e Hyperref driver for pdfTeX

(c:/Users/Angela Andreella/AppData/Roaming/TinyTeX/texmf-dist/tex/latex/base/at
veryend-ltx.sty
Package: atveryend-ltx 2020/08/19 v1.0a Emulation of the original atvery packag
e
with kernel methods
)
\Fld@listcount=\count269
\c@bookmark@seq@number=\count270

(c:/Users/Angela Andreella/AppData/Roaming/TinyTeX/texmf-dist/tex/latex/rerunfi
lecheck/rerunfilecheck.sty
Package: rerunfilecheck 2019/12/05 v1.9 Rerun checks for auxiliary files (HO)

(c:/Users/Angela Andreella/AppData/Roaming/TinyTeX/texmf-dist/tex/generic/uniqu
ecounter/uniquecounter.sty
Package: uniquecounter 2019/12/15 v1.4 Provide unlimited unique counter (HO)
)
Package uniquecounter Info: New unique counter `rerunfilecheck' on input line 2
86.
)
\Hy@SectionHShift=\skip52
)
(c:/Users/Angela Andreella/AppData/Roaming/TinyTeX/texmf-dist/tex/latex/geometr
y/geometry.sty
Package: geometry 2020/01/02 v5.9 Page Geometry

(c:/Users/Angela Andreella/AppData/Roaming/TinyTeX/texmf-dist/tex/generic/iftex
/ifvtex.sty
Package: ifvtex 2019/10/25 v1.7 ifvtex legacy package. Use iftex instead.
)
\Gm@cnth=\count271
\Gm@cntv=\count272
\c@Gm@tempcnt=\count273
\Gm@bindingoffset=\dimen152
\Gm@wd@mp=\dimen153
\Gm@odd@mp=\dimen154
\Gm@even@mp=\dimen155
\Gm@layoutwidth=\dimen156
\Gm@layoutheight=\dimen157
\Gm@layouthoffset=\dimen158
\Gm@layoutvoffset=\dimen159
\Gm@dimlist=\toks24
)
(c:/Users/Angela Andreella/AppData/Roaming/TinyTeX/texmf-dist/tex/latex/fancyvr
b/fancyvrb.sty
Package: fancyvrb 2020/05/03 v3.6 verbatim text (tvz,hv)
\FV@CodeLineNo=\count274
\FV@InFile=\read2
\FV@TabBox=\box49
\c@FancyVerbLine=\count275
\FV@StepNumber=\count276
\FV@OutFile=\write3
)
(c:/Users/Angela Andreella/AppData/Roaming/TinyTeX/texmf-dist/tex/latex/framed/
framed.sty
Package: framed 2011/10/22 v 0.96: framed or shaded text with page breaks
\OuterFrameSep=\skip53
\fb@frw=\dimen160
\fb@frh=\dimen161
\FrameRule=\dimen162
\FrameSep=\dimen163
)
(c:/Users/Angela Andreella/AppData/Roaming/TinyTeX/texmf-dist/tex/latex/graphic
s/graphicx.sty
Package: graphicx 2020/09/09 v1.2b Enhanced LaTeX Graphics (DPC,SPQR)

(c:/Users/Angela Andreella/AppData/Roaming/TinyTeX/texmf-dist/tex/latex/graphic
s/graphics.sty
Package: graphics 2020/08/30 v1.4c Standard LaTeX Graphics (DPC,SPQR)

(c:/Users/Angela Andreella/AppData/Roaming/TinyTeX/texmf-dist/tex/latex/graphic
s/trig.sty
Package: trig 2016/01/03 v1.10 sin cos tan (DPC)
)
(c:/Users/Angela Andreella/AppData/Roaming/TinyTeX/texmf-dist/tex/latex/graphic
s-cfg/graphics.cfg
File: graphics.cfg 2016/06/04 v1.11 sample graphics configuration
)
Package graphics Info: Driver file: pdftex.def on input line 105.
)
\Gin@req@height=\dimen164
\Gin@req@width=\dimen165
)
(c:/Users/Angela Andreella/AppData/Roaming/TinyTeX/texmf-dist/tex/latex/l3backe
nd/l3backend-pdftex.def
File: l3backend-pdftex.def 2020-09-24 L3 backend support: PDF output (pdfTeX)
\l__kernel_color_stack_int=\count277
\l__pdf_internal_box=\box50
) (./Es4.aux)
\openout1 = `Es4.aux'.

LaTeX Font Info:    Checking defaults for OML/cmm/m/it on input line 107.
LaTeX Font Info:    ... okay on input line 107.
LaTeX Font Info:    Checking defaults for OMS/cmsy/m/n on input line 107.
LaTeX Font Info:    ... okay on input line 107.
LaTeX Font Info:    Checking defaults for OT1/cmr/m/n on input line 107.
LaTeX Font Info:    ... okay on input line 107.
LaTeX Font Info:    Checking defaults for T1/cmr/m/n on input line 107.
LaTeX Font Info:    ... okay on input line 107.
LaTeX Font Info:    Checking defaults for TS1/cmr/m/n on input line 107.
LaTeX Font Info:    ... okay on input line 107.
LaTeX Font Info:    Checking defaults for OMX/cmex/m/n on input line 107.
LaTeX Font Info:    ... okay on input line 107.
LaTeX Font Info:    Checking defaults for U/cmr/m/n on input line 107.
LaTeX Font Info:    ... okay on input line 107.
LaTeX Font Info:    Checking defaults for PD1/pdf/m/n on input line 107.
LaTeX Font Info:    ... okay on input line 107.
LaTeX Font Info:    Checking defaults for PU/pdf/m/n on input line 107.
LaTeX Font Info:    ... okay on input line 107.

(c:/Users/Angela Andreella/AppData/Roaming/TinyTeX/texmf-dist/tex/latex/epstopd
f-pkg/epstopdf-base.sty
Package: epstopdf-base 2020-01-24 v2.11 Base part for package epstopdf
Package epstopdf-base Info: Redefining graphics rule for `.eps' on input line 4
85.

(c:/Users/Angela Andreella/AppData/Roaming/TinyTeX/texmf-dist/tex/latex/latexco
nfig/epstopdf-sys.cfg
File: epstopdf-sys.cfg 2010/07/13 v1.3 Configuration of (r)epstopdf for TeX Liv
e
))
Package hyperref Info: Link coloring OFF on input line 107.

(c:/Users/Angela Andreella/AppData/Roaming/TinyTeX/texmf-dist/tex/latex/hyperre
f/nameref.sty
Package: nameref 2019/09/16 v2.46 Cross-referencing by name of section

(c:/Users/Angela Andreella/AppData/Roaming/TinyTeX/texmf-dist/tex/latex/refcoun
t/refcount.sty
Package: refcount 2019/12/15 v3.6 Data extraction from label references (HO)
)
(c:/Users/Angela Andreella/AppData/Roaming/TinyTeX/texmf-dist/tex/generic/getti
tlestring/gettitlestring.sty
Package: gettitlestring 2019/12/15 v1.6 Cleanup title references (HO)
)
\c@section@level=\count278
)
LaTeX Info: Redefining \ref on input line 107.
LaTeX Info: Redefining \pageref on input line 107.
LaTeX Info: Redefining \nameref on input line 107.
(./Es4.out) (./Es4.out)
\@outlinefile=\write4
\openout4 = `Es4.out'.

*geometry* driver: auto-detecting
*geometry* detected driver: pdftex
*geometry* verbose mode - [ preamble ] result:
* driver: pdftex
* paper: <default>
* layout: <same size as paper>
* layoutoffset:(h,v)=(0.0pt,0.0pt)
* modes: 
* h-part:(L,W,R)=(72.26999pt, 469.75502pt, 72.26999pt)
* v-part:(T,H,B)=(72.26999pt, 650.43001pt, 72.26999pt)
* \paperwidth=614.295pt
* \paperheight=794.96999pt
* \textwidth=469.75502pt
* \textheight=650.43001pt
* \oddsidemargin=0.0pt
* \evensidemargin=0.0pt
* \topmargin=-37.0pt
* \headheight=12.0pt
* \headsep=25.0pt
* \topskip=10.0pt
* \footskip=30.0pt
* \marginparwidth=65.0pt
* \marginparsep=11.0pt
* \columnsep=10.0pt
* \skip\footins=9.0pt plus 4.0pt minus 2.0pt
* \hoffset=0.0pt
* \voffset=0.0pt
* \mag=1000
* \@twocolumnfalse
* \@twosidefalse
* \@mparswitchfalse
* \@reversemarginfalse
* (1in=72.27pt=25.4mm, 1cm=28.453pt)

LaTeX Font Info:    Trying to load font information for OT1+lmr on input line 1
09.

(c:/Users/Angela Andreella/AppData/Roaming/TinyTeX/texmf-dist/tex/latex/lm/ot1l
mr.fd
File: ot1lmr.fd 2009/10/30 v1.6 Font defs for Latin Modern
)
LaTeX Font Info:    Trying to load font information for OML+lmm on input line 1
09.

(c:/Users/Angela Andreella/AppData/Roaming/TinyTeX/texmf-dist/tex/latex/lm/omll
mm.fd
File: omllmm.fd 2009/10/30 v1.6 Font defs for Latin Modern
)
LaTeX Font Info:    Trying to load font information for OMS+lmsy on input line 
109.

(c:/Users/Angela Andreella/AppData/Roaming/TinyTeX/texmf-dist/tex/latex/lm/omsl
msy.fd
File: omslmsy.fd 2009/10/30 v1.6 Font defs for Latin Modern
)
LaTeX Font Info:    Trying to load font information for OMX+lmex on input line 
109.

(c:/Users/Angela Andreella/AppData/Roaming/TinyTeX/texmf-dist/tex/latex/lm/omxl
mex.fd
File: omxlmex.fd 2009/10/30 v1.6 Font defs for Latin Modern
)
LaTeX Font Info:    External font `lmex10' loaded for size
(Font)              <12> on input line 109.
LaTeX Font Info:    External font `lmex10' loaded for size
(Font)              <8> on input line 109.
LaTeX Font Info:    External font `lmex10' loaded for size
(Font)              <6> on input line 109.
LaTeX Font Info:    Trying to load font information for U+msa on input line 109
.

(c:/Users/Angela Andreella/AppData/Roaming/TinyTeX/texmf-dist/tex/latex/amsfont
s/umsa.fd
File: umsa.fd 2013/01/14 v3.01 AMS symbols A
)
LaTeX Font Info:    Trying to load font information for U+msb on input line 109
.

(c:/Users/Angela Andreella/AppData/Roaming/TinyTeX/texmf-dist/tex/latex/amsfont
s/umsb.fd
File: umsb.fd 2013/01/14 v3.01 AMS symbols B
)
LaTeX Font Info:    External font `lmex10' loaded for size
(Font)              <10> on input line 114.
LaTeX Font Info:    External font `lmex10' loaded for size
(Font)              <7> on input line 114.
LaTeX Font Info:    External font `lmex10' loaded for size
(Font)              <5> on input line 114.

LaTeX Warning: Command \` invalid in math mode on input line 121.


LaTeX Warning: Command \` invalid in math mode on input line 123.


LaTeX Warning: Command \` invalid in math mode on input line 127.


LaTeX Warning: Command \` invalid in math mode on input line 127.


LaTeX Warning: Command \` invalid in math mode on input line 129.


LaTeX Warning: Command \` invalid in math mode on input line 129.


LaTeX Warning: Command \` invalid in math mode on input line 129.


LaTeX Warning: Command \` invalid in math mode on input line 143.


LaTeX Warning: Command \` invalid in math mode on input line 145.


LaTeX Warning: Command \` invalid in math mode on input line 146.


LaTeX Warning: Command \` invalid in math mode on input line 146.


Package amsmath Warning: Foreign command \atopwithdelims;
(amsmath)                \frac or \genfrac should be used instead
(amsmath)                 on input line 151.


LaTeX Warning: Command \` invalid in math mode on input line 157.


LaTeX Warning: Command \` invalid in math mode on input line 158.


LaTeX Warning: Command \` invalid in math mode on input line 159.


LaTeX Warning: Command \` invalid in math mode on input line 159.


LaTeX Warning: Command \` invalid in math mode on input line 175.

LaTeX Font Info:    Trying to load font information for T1+lmtt on input line 1
78.

(c:/Users/Angela Andreella/AppData/Roaming/TinyTeX/texmf-dist/tex/latex/lm/t1lm
tt.fd
File: t1lmtt.fd 2009/10/30 v1.6 Font defs for Latin Modern
)
LaTeX Font Info:    Font shape `T1/lmtt/bx/n' in size <10> not available
(Font)              Font shape `T1/lmtt/b/n' tried instead on input line 179.
[1

{c:/Users/Angela Andreella/AppData/Roaming/TinyTeX/texmf-var/fonts/map/pdftex/u
pdmap/pdftex.map}]

LaTeX Warning: Command \` invalid in math mode on input line 193.

LaTeX Font Info:    Trying to load font information for TS1+lmtt on input line 
199.

(c:/Users/Angela Andreella/AppData/Roaming/TinyTeX/texmf-dist/tex/latex/lm/ts1l
mtt.fd
File: ts1lmtt.fd 2009/10/30 v1.6 Font defs for Latin Modern
)
<Es4_files/figure-latex/unnamed-chunk-2-1.pdf, id=93, 361.35pt x 252.945pt>
File: Es4_files/figure-latex/unnamed-chunk-2-1.pdf Graphic file (type pdf)
<use Es4_files/figure-latex/unnamed-chunk-2-1.pdf>
Package pdftex.def Info: Es4_files/figure-latex/unnamed-chunk-2-1.pdf  used on 
input line 204.
(pdftex.def)             Requested size: 361.34912pt x 252.94438pt.

LaTeX Warning: Command \` invalid in math mode on input line 206.

<Es4_files/figure-latex/unnamed-chunk-3-1.pdf, id=94, 361.35pt x 252.945pt>
File: Es4_files/figure-latex/unnamed-chunk-3-1.pdf Graphic file (type pdf)
<use Es4_files/figure-latex/unnamed-chunk-3-1.pdf>
Package pdftex.def Info: Es4_files/figure-latex/unnamed-chunk-3-1.pdf  used on 
input line 215.
(pdftex.def)             Requested size: 361.34912pt x 252.94438pt.
[2 <./Es4_files/figure-latex/unnamed-chunk-2-1.pdf>]

LaTeX Warning: Command \` invalid in math mode on input line 221.


LaTeX Warning: Command \` invalid in math mode on input line 225.


LaTeX Warning: Command \` invalid in math mode on input line 248.


LaTeX Warning: Command \` invalid in math mode on input line 248.

[3 <./Es4_files/figure-latex/unnamed-chunk-3-1.pdf>]

LaTeX Warning: Command \` invalid in math mode on input line 343.


LaTeX Warning: Command \` invalid in math mode on input line 346.


LaTeX Warning: Command \` invalid in math mode on input line 357.

[4]

LaTeX Warning: Command \` invalid in math mode on input line 368.


LaTeX Warning: Command \` invalid in math mode on input line 369.


LaTeX Warning: Command \` invalid in math mode on input line 401.


LaTeX Warning: Command \` invalid in math mode on input line 402.

[5]

LaTeX Warning: Command \` invalid in math mode on input line 454.


LaTeX Warning: Command \` invalid in math mode on input line 479.


LaTeX Warning: Command \` invalid in math mode on input line 480.


LaTeX Warning: Command \` invalid in math mode on input line 483.


LaTeX Warning: Command \` invalid in math mode on input line 491.


LaTeX Warning: Command \` invalid in math mode on input line 493.


LaTeX Warning: Command \` invalid in math mode on input line 494.


LaTeX Warning: Command \` invalid in math mode on input line 494.


LaTeX Warning: Command \` invalid in math mode on input line 494.


LaTeX Warning: Command \` invalid in math mode on input line 501.


LaTeX Warning: Command \` invalid in math mode on input line 501.

[6]

LaTeX Warning: Command \` invalid in math mode on input line 526.


LaTeX Warning: Command \` invalid in math mode on input line 527.


LaTeX Warning: Command \` invalid in math mode on input line 590.

[7]

LaTeX Warning: Command \` invalid in math mode on input line 608.


LaTeX Warning: Command \` invalid in math mode on input line 657.


LaTeX Warning: Command \` invalid in math mode on input line 660.


LaTeX Warning: Command \` invalid in math mode on input line 665.


LaTeX Warning: Command \` invalid in math mode on input line 667.


LaTeX Warning: Command \` invalid in math mode on input line 667.

[8]

LaTeX Warning: Command \` invalid in math mode on input line 677.


LaTeX Warning: Command \` invalid in math mode on input line 678.


LaTeX Warning: Command \` invalid in math mode on input line 683.


LaTeX Warning: Command \` invalid in math mode on input line 695.


LaTeX Warning: Command \` invalid in math mode on input line 728.


LaTeX Warning: Command \` invalid in math mode on input line 757.

[9]

LaTeX Warning: Command \` invalid in math mode on input line 766.


LaTeX Warning: Command \` invalid in math mode on input line 769.


LaTeX Warning: Command \` invalid in math mode on input line 775.

<Es4_files/figure-latex/unnamed-chunk-19-1.pdf, id=171, 361.35pt x 252.945pt>
File: Es4_files/figure-latex/unnamed-chunk-19-1.pdf Graphic file (type pdf)
<use Es4_files/figure-latex/unnamed-chunk-19-1.pdf>
Package pdftex.def Info: Es4_files/figure-latex/unnamed-chunk-19-1.pdf  used on
 input line 777.
(pdftex.def)             Requested size: 361.34912pt x 252.94438pt.

LaTeX Warning: Command \` invalid in math mode on input line 781.


LaTeX Warning: Command \` invalid in math mode on input line 812.


LaTeX Warning: Command \` invalid in math mode on input line 813.

[10 <./Es4_files/figure-latex/unnamed-chunk-19-1.pdf>]

LaTeX Warning: Command \` invalid in math mode on input line 821.


LaTeX Warning: Command \` invalid in math mode on input line 827.


LaTeX Warning: Command \` invalid in math mode on input line 827.

<Es4_files/figure-latex/unnamed-chunk-22-1.pdf, id=182, 361.35pt x 252.945pt>
File: Es4_files/figure-latex/unnamed-chunk-22-1.pdf Graphic file (type pdf)
<use Es4_files/figure-latex/unnamed-chunk-22-1.pdf>
Package pdftex.def Info: Es4_files/figure-latex/unnamed-chunk-22-1.pdf  used on
 input line 829.
(pdftex.def)             Requested size: 361.34912pt x 252.94438pt.
<Es4_files/figure-latex/unnamed-chunk-23-1.pdf, id=183, 361.35pt x 252.945pt>
File: Es4_files/figure-latex/unnamed-chunk-23-1.pdf Graphic file (type pdf)
<use Es4_files/figure-latex/unnamed-chunk-23-1.pdf>
Package pdftex.def Info: Es4_files/figure-latex/unnamed-chunk-23-1.pdf  used on
 input line 833.
(pdftex.def)             Requested size: 361.34912pt x 252.94438pt.
[11 <./Es4_files/figure-latex/unnamed-chunk-22-1.pdf>]
<Es4_files/figure-latex/unnamed-chunk-24-1.pdf, id=194, 361.35pt x 252.945pt>
File: Es4_files/figure-latex/unnamed-chunk-24-1.pdf Graphic file (type pdf)
<use Es4_files/figure-latex/unnamed-chunk-24-1.pdf>
Package pdftex.def Info: Es4_files/figure-latex/unnamed-chunk-24-1.pdf  used on
 input line 837.
(pdftex.def)             Requested size: 361.34912pt x 252.94438pt.
[12 <./Es4_files/figure-latex/unnamed-chunk-23-1.pdf> <./Es4_files/figure-latex
/unnamed-chunk-24-1.pdf>]

LaTeX Warning: Command \` invalid in math mode on input line 882.


LaTeX Warning: Command \` invalid in math mode on input line 884.

<Es4_files/figure-latex/unnamed-chunk-27-1.pdf, id=209, 361.35pt x 252.945pt>
File: Es4_files/figure-latex/unnamed-chunk-27-1.pdf Graphic file (type pdf)
<use Es4_files/figure-latex/unnamed-chunk-27-1.pdf>
Package pdftex.def Info: Es4_files/figure-latex/unnamed-chunk-27-1.pdf  used on
 input line 887.
(pdftex.def)             Requested size: 361.34912pt x 252.94438pt.

LaTeX Warning: Command \` invalid in math mode on input line 897.


LaTeX Warning: Command \` invalid in math mode on input line 904.


LaTeX Warning: Command \` invalid in math mode on input line 904.


LaTeX Warning: Command \` invalid in math mode on input line 905.


LaTeX Warning: Command \` invalid in math mode on input line 909.


LaTeX Warning: Command \` invalid in math mode on input line 909.


LaTeX Warning: Command \` invalid in math mode on input line 910.

[13 <./Es4_files/figure-latex/unnamed-chunk-27-1.pdf>]

LaTeX Warning: Command \` invalid in math mode on input line 926.


LaTeX Warning: Command \` invalid in math mode on input line 926.


LaTeX Warning: Command \` invalid in math mode on input line 927.


LaTeX Warning: Command \` invalid in math mode on input line 970.


LaTeX Warning: Command \` invalid in math mode on input line 993.


LaTeX Warning: Command \` invalid in math mode on input line 994.

<Es4_files/figure-latex/unnamed-chunk-31-1.pdf, id=223, 361.35pt x 252.945pt>
File: Es4_files/figure-latex/unnamed-chunk-31-1.pdf Graphic file (type pdf)
<use Es4_files/figure-latex/unnamed-chunk-31-1.pdf>
Package pdftex.def Info: Es4_files/figure-latex/unnamed-chunk-31-1.pdf  used on
 input line 1003.
(pdftex.def)             Requested size: 361.34912pt x 252.94438pt.
[14]
<Es4_files/figure-latex/unnamed-chunk-32-1.pdf, id=235, 361.35pt x 252.945pt>
File: Es4_files/figure-latex/unnamed-chunk-32-1.pdf Graphic file (type pdf)
<use Es4_files/figure-latex/unnamed-chunk-32-1.pdf>
Package pdftex.def Info: Es4_files/figure-latex/unnamed-chunk-32-1.pdf  used on
 input line 1013.
(pdftex.def)             Requested size: 361.34912pt x 252.94438pt.
<Es4_files/figure-latex/unnamed-chunk-33-1.pdf, id=236, 361.35pt x 252.945pt>
File: Es4_files/figure-latex/unnamed-chunk-33-1.pdf Graphic file (type pdf)
<use Es4_files/figure-latex/unnamed-chunk-33-1.pdf>
Package pdftex.def Info: Es4_files/figure-latex/unnamed-chunk-33-1.pdf  used on
 input line 1019.
(pdftex.def)             Requested size: 361.34912pt x 252.94438pt.
[15 <./Es4_files/figure-latex/unnamed-chunk-31-1.pdf> <./Es4_files/figure-latex
/unnamed-chunk-32-1.pdf>]

LaTeX Warning: Command \` invalid in math mode on input line 1070.

[16 <./Es4_files/figure-latex/unnamed-chunk-33-1.pdf>]

LaTeX Warning: Command \` invalid in math mode on input line 1091.


LaTeX Warning: Command \` invalid in math mode on input line 1094.


LaTeX Warning: Command \` invalid in math mode on input line 1100.


LaTeX Warning: Command \` invalid in math mode on input line 1109.


LaTeX Warning: Command \` invalid in math mode on input line 1113.


LaTeX Warning: Command \` invalid in math mode on input line 1113.

[17] (./Es4.aux)
Package rerunfilecheck Info: File `Es4.out' has not changed.
(rerunfilecheck)             Checksum: E24EE453A1B798737FFFA720FF619CFA;2557.
 ) 
Here is how much of TeX's memory you used:
 11061 strings out of 481466
 163678 string characters out of 5919242
 453727 words of memory out of 5000000
 27511 multiletter control sequences out of 15000+600000
 587288 words of font info for 72 fonts, out of 8000000 for 9000
 14 hyphenation exceptions out of 8191
 66i,9n,72p,455b,409s stack positions out of 5000i,500n,10000p,200000b,80000s
{c:/Users/Angela Andreella/AppData/Roaming/TinyTeX/texmf-dist/fonts/enc/dvips
/lm/lm-ec.enc}{c:/Users/Angela Andreella/AppData/Roaming/TinyTeX/texmf-dist/fon
ts/enc/dvips/lm/lm-ts1.enc}{c:/Users/Angela Andreella/AppData/Roaming/TinyTeX/t
exmf-dist/fonts/enc/dvips/lm/lm-rm.enc}{c:/Users/Angela Andreella/AppData/Roami
ng/TinyTeX/texmf-dist/fonts/enc/dvips/lm/lm-mathsy.enc}{c:/Users/Angela Andreel
la/AppData/Roaming/TinyTeX/texmf-dist/fonts/enc/dvips/lm/lm-mathit.enc}{c:/User
s/Angela Andreella/AppData/Roaming/TinyTeX/texmf-dist/fonts/enc/dvips/lm/lm-mat
hex.enc}<c:/Users/Angela Andreella/AppData/Roaming/TinyTeX/texmf-dist/fonts/typ
e1/public/lm/lmbx10.pfb><c:/Users/Angela Andreella/AppData/Roaming/TinyTeX/texm
f-dist/fonts/type1/public/lm/lmbx12.pfb><c:/Users/Angela Andreella/AppData/Roam
ing/TinyTeX/texmf-dist/fonts/type1/public/lm/lmex10.pfb><c:/Users/Angela Andree
lla/AppData/Roaming/TinyTeX/texmf-dist/fonts/type1/public/lm/lmmi10.pfb><c:/Use
rs/Angela Andreella/AppData/Roaming/TinyTeX/texmf-dist/fonts/type1/public/lm/lm
mi7.pfb><c:/Users/Angela Andreella/AppData/Roaming/TinyTeX/texmf-dist/fonts/typ
e1/public/lm/lmr10.pfb><c:/Users/Angela Andreella/AppData/Roaming/TinyTeX/texmf
-dist/fonts/type1/public/lm/lmr12.pfb><c:/Users/Angela Andreella/AppData/Roamin
g/TinyTeX/texmf-dist/fonts/type1/public/lm/lmr17.pfb><c:/Users/Angela Andreella
/AppData/Roaming/TinyTeX/texmf-dist/fonts/type1/public/lm/lmr7.pfb><c:/Users/An
gela Andreella/AppData/Roaming/TinyTeX/texmf-dist/fonts/type1/public/lm/lmsy10.
pfb><c:/Users/Angela Andreella/AppData/Roaming/TinyTeX/texmf-dist/fonts/type1/p
ublic/lm/lmsy7.pfb><c:/Users/Angela Andreella/AppData/Roaming/TinyTeX/texmf-dis
t/fonts/type1/public/lm/lmtk10.pfb><c:/Users/Angela Andreella/AppData/Roaming/T
inyTeX/texmf-dist/fonts/type1/public/lm/lmtt10.pfb>
Output written on Es4.pdf (17 pages, 377016 bytes).
PDF statistics:
 340 PDF objects out of 1000 (max. 8388607)
 285 compressed objects within 3 object streams
 87 named destinations out of 1000 (max. 500000)
 179 words of extra memory for PDF output out of 10000 (max. 10000000)

